Fold 0
Model 0 best validation auc = 0.833661 on epoch 9
Model 0 test auc = 0.803205
Model 0 test prc-auc = 0.263984
Ensemble test auc = 0.803205
Ensemble test prc-auc = 0.263984
Fold 1
Model 0 best validation auc = 0.830074 on epoch 8
Model 0 test auc = 0.791151
Model 0 test prc-auc = 0.344535
Ensemble test auc = 0.791151
Ensemble test prc-auc = 0.344535
Fold 2
Model 0 best validation auc = 0.822179 on epoch 13
Model 0 test auc = 0.844181
Model 0 test prc-auc = 0.429710
Ensemble test auc = 0.844181
Ensemble test prc-auc = 0.429710
Fold 3
Model 0 best validation auc = 0.829698 on epoch 8
Model 0 test auc = 0.803240
Model 0 test prc-auc = 0.468287
Ensemble test auc = 0.803240
Ensemble test prc-auc = 0.468287
Fold 4
Model 0 best validation auc = 0.793275 on epoch 14
Model 0 test auc = 0.835048
Model 0 test prc-auc = 0.334460
Ensemble test auc = 0.835048
Ensemble test prc-auc = 0.334460
Fold 5
Model 0 best validation auc = 0.827708 on epoch 24
Model 0 test auc = 0.750663
Model 0 test prc-auc = 0.344589
Ensemble test auc = 0.750663
Ensemble test prc-auc = 0.344589
Fold 6
Model 0 best validation auc = 0.796752 on epoch 16
Model 0 test auc = 0.821263
Model 0 test prc-auc = 0.441683
Ensemble test auc = 0.821263
Ensemble test prc-auc = 0.441683
Fold 7
Model 0 best validation auc = 0.735218 on epoch 7
Model 0 test auc = 0.789500
Model 0 test prc-auc = 0.268623
Ensemble test auc = 0.789500
Ensemble test prc-auc = 0.268623
Fold 8
Model 0 best validation auc = 0.763224 on epoch 28
Model 0 test auc = 0.703107
Model 0 test prc-auc = 0.193890
Ensemble test auc = 0.703107
Ensemble test prc-auc = 0.193890
Fold 9
Model 0 best validation auc = 0.809666 on epoch 9
Model 0 test auc = 0.742809
Model 0 test prc-auc = 0.212598
Ensemble test auc = 0.742809
Ensemble test prc-auc = 0.212598
10-fold cross validation
	Seed 0 ==> test auc = 0.803205
	Seed 0 ==> test prc-auc = 0.263984
	Seed 1 ==> test auc = 0.791151
	Seed 1 ==> test prc-auc = 0.344535
	Seed 2 ==> test auc = 0.844181
	Seed 2 ==> test prc-auc = 0.429710
	Seed 3 ==> test auc = 0.803240
	Seed 3 ==> test prc-auc = 0.468287
	Seed 4 ==> test auc = 0.835048
	Seed 4 ==> test prc-auc = 0.334460
	Seed 5 ==> test auc = 0.750663
	Seed 5 ==> test prc-auc = 0.344589
	Seed 6 ==> test auc = 0.821263
	Seed 6 ==> test prc-auc = 0.441683
	Seed 7 ==> test auc = 0.789500
	Seed 7 ==> test prc-auc = 0.268623
	Seed 8 ==> test auc = 0.703107
	Seed 8 ==> test prc-auc = 0.193890
	Seed 9 ==> test auc = 0.742809
	Seed 9 ==> test prc-auc = 0.212598
Overall test auc = 0.788417 +/- 0.041944
Overall test prc-auc = 0.330236 +/- 0.090783
Elapsed time = 0:21:08
