Fold 0
Model 0 best validation auc = 0.844337 on epoch 17
Model 0 test auc = 0.783193
Ensemble test auc = 0.783193
Fold 1
Model 0 best validation auc = 0.789509 on epoch 13
Model 0 test auc = 0.819775
Ensemble test auc = 0.819775
Fold 2
Model 0 best validation auc = 0.723920 on epoch 22
Model 0 test auc = 0.763153
Ensemble test auc = 0.763153
Fold 3
Model 0 best validation auc = 0.793176 on epoch 5
Model 0 test auc = 0.688952
Ensemble test auc = 0.688952
Fold 4
Model 0 best validation auc = 0.750899 on epoch 14
Model 0 test auc = 0.743759
Ensemble test auc = 0.743759
Fold 5
Model 0 best validation auc = 0.836911 on epoch 20
Model 0 test auc = 0.705045
Ensemble test auc = 0.705045
Fold 6
Model 0 best validation auc = 0.821689 on epoch 20
Model 0 test auc = 0.832760
Ensemble test auc = 0.832760
Fold 7
Model 0 best validation auc = 0.695289 on epoch 15
Model 0 test auc = 0.802069
Ensemble test auc = 0.802069
Fold 8
Model 0 best validation auc = 0.760698 on epoch 28
Model 0 test auc = 0.686402
Ensemble test auc = 0.686402
Fold 9
Model 0 best validation auc = 0.780202 on epoch 20
Model 0 test auc = 0.736450
Ensemble test auc = 0.736450
10-fold cross validation
	Seed 0 ==> test auc = 0.783193
	Seed 1 ==> test auc = 0.819775
	Seed 2 ==> test auc = 0.763153
	Seed 3 ==> test auc = 0.688952
	Seed 4 ==> test auc = 0.743759
	Seed 5 ==> test auc = 0.705045
	Seed 6 ==> test auc = 0.832760
	Seed 7 ==> test auc = 0.802069
	Seed 8 ==> test auc = 0.686402
	Seed 9 ==> test auc = 0.736450
Overall test auc = 0.756156 +/- 0.050339
Elapsed time = 0:27:48
